0 info it worked if it ends with ok
1 verbose cli [ '/usr/local/bin/node', '/usr/local/bin/npm', 'run', 'start' ]
2 info using npm@3.10.10
3 info using node@v6.11.2
4 verbose run-script [ 'prestart', 'start', 'poststart' ]
5 info lifecycle super-mario@1.0.0~prestart: super-mario@1.0.0
6 silly lifecycle super-mario@1.0.0~prestart: no script for prestart, continuing
7 info lifecycle super-mario@1.0.0~start: super-mario@1.0.0
8 verbose lifecycle super-mario@1.0.0~start: unsafe-perm in lifecycle true
9 verbose lifecycle super-mario@1.0.0~start: PATH: /usr/local/lib/node_modules/npm/bin/node-gyp-bin:/Users/tomosawatakeshi/Documents/workspace/super-mario/node_modules/.bin:/Users/tomosawatakeshi/.yarn/bin:/Users/tomosawatakeshi/.config/yarn/global/node_modules/.bin:/usr/local/bin:/usr/bin:/bin:/usr/sbin:/sbin
10 verbose lifecycle super-mario@1.0.0~start: CWD: /Users/tomosawatakeshi/Documents/workspace/super-mario
11 silly lifecycle super-mario@1.0.0~start: Args: [ '-c', 'serve ./public' ]
12 silly lifecycle super-mario@1.0.0~start: Returned: code: 1  signal: null
13 info lifecycle super-mario@1.0.0~start: Failed to exec start script
14 verbose stack Error: super-mario@1.0.0 start: `serve ./public`
14 verbose stack Exit status 1
14 verbose stack     at EventEmitter.<anonymous> (/usr/local/lib/node_modules/npm/lib/utils/lifecycle.js:255:16)
14 verbose stack     at emitTwo (events.js:106:13)
14 verbose stack     at EventEmitter.emit (events.js:191:7)
14 verbose stack     at ChildProcess.<anonymous> (/usr/local/lib/node_modules/npm/lib/utils/spawn.js:40:14)
14 verbose stack     at emitTwo (events.js:106:13)
14 verbose stack     at ChildProcess.emit (events.js:191:7)
14 verbose stack     at maybeClose (internal/child_process.js:891:16)
14 verbose stack     at Process.ChildProcess._handle.onexit (internal/child_process.js:226:5)
15 verbose pkgid super-mario@1.0.0
16 verbose cwd /Users/tomosawatakeshi/Documents/workspace/super-mario
17 error Darwin 15.6.0
18 error argv "/usr/local/bin/node" "/usr/local/bin/npm" "run" "start"
19 error node v6.11.2
20 error npm  v3.10.10
21 error code ELIFECYCLE
22 error super-mario@1.0.0 start: `serve ./public`
22 error Exit status 1
23 error Failed at the super-mario@1.0.0 start script 'serve ./public'.
23 error Make sure you have the latest version of node.js and npm installed.
23 error If you do, this is most likely a problem with the super-mario package,
23 error not with npm itself.
23 error Tell the author that this fails on your system:
23 error     serve ./public
23 error You can get information on how to open an issue for this project with:
23 error     npm bugs super-mario
23 error Or if that isn't available, you can get their info via:
23 error     npm owner ls super-mario
23 error There is likely additional logging output above.
24 verbose exit [ 1, true ]
